<?xml version="1.0" encoding="UTF-8"?>
<!-- Generated by org.testng.reporters.JUnitXMLReporter -->
<testsuite ignored="0" hostname="DESKTOP-RPIHFVA" failures="1" tests="8" name="Test" time="237.608" errors="0" timestamp="2025-02-27T12:30:55 IST">
  <testcase classname="TestCase.TC_001" name="verifyLogIn" time="0.039"/>
  <testcase classname="TestCase.TC_003" name="verifySelectvillageDropdown" time="12.016"/>
  <testcase classname="TestCase.TC_002" name="verifyCommunication" time="18.477"/>
  <testcase classname="TestCase.TC_005" name="verifyChoosefarmersDropdown" time="11.847"/>
  <testcase classname="TestCase.TC_004" name="verifySelectfigDropdown" time="13.148"/>
  <testcase classname="TestCase.TC_006" name="verifyprofile" time="21.091"/>
  <testcase classname="TestCase.TC_007" name="verifyOrgstrcture" time="44.049">
    <failure type="java.lang.AssertionError" message="Radio button should be selected after clicking expected [true] but found [false]">
      <![CDATA[java.lang.AssertionError: Radio button should be selected after clicking expected [true] but found [false]
at AllPom.Organisation.osbodcheck(Organisation.java:284)
at TestCase.TC_007.verifyOrgstrcture(TC_007.java:35)
at java.base/java.util.ArrayList.forEach(ArrayList.java:1511)
... Removed 30 stack frames]]>
    </failure>
  </testcase> <!-- verifyOrgstrcture -->
  <testcase classname="TestCase.TC_008" name="verifyshareholder" time="27.981"/>
</testsuite> <!-- Test -->
