<?xml version="1.0" encoding="UTF-8"?>
<testng-results ignored="0" total="1" passed="1" failed="0" skipped="0">
  <reporter-output>
  </reporter-output>
  <suite started-at="2026-01-19T19:11:06 IST" name="Default suite" finished-at="2026-01-19T19:11:31 IST" duration-ms="24718">
    <groups>
    </groups>
    <test started-at="2026-01-19T19:11:06 IST" name="Default test" finished-at="2026-01-19T19:11:31 IST" duration-ms="24718">
      <class name="TestCase.TC_001">
        <test-method is-config="true" signature="setUp()[pri:0, instance:TestCase.TC_001@3c41ed1d]" started-at="2026-01-19T19:11:06 IST" name="setUp" finished-at="2026-01-19T19:11:30 IST" duration-ms="24128" status="PASS">
          <reporter-output>
          </reporter-output>
        </test-method> <!-- setUp -->
        <test-method signature="verifyLogIn()[pri:0, instance:TestCase.TC_001@3c41ed1d]" started-at="2026-01-19T19:11:30 IST" name="verifyLogIn" finished-at="2026-01-19T19:11:30 IST" duration-ms="61" status="PASS">
          <reporter-output>
          </reporter-output>
        </test-method> <!-- verifyLogIn -->
        <test-method is-config="true" signature="tearDown()[pri:0, instance:TestCase.TC_001@3c41ed1d]" started-at="2026-01-19T19:11:30 IST" name="tearDown" finished-at="2026-01-19T19:11:31 IST" duration-ms="379" status="PASS">
          <reporter-output>
          </reporter-output>
        </test-method> <!-- tearDown -->
      </class> <!-- TestCase.TC_001 -->
    </test> <!-- Default test -->
  </suite> <!-- Default suite -->
</testng-results>
